app/build/intermediates/manifest_merge_blame_file/debug/manifest-merger-blame-debug-report.txt
1<?xml version="1.0" encoding="utf-8"?>
2<manifest xmlns:android="http://schemas.android.com/apk/res/android"
3    package="br.ufrpe.revcare"
4    android:versionCode="1"
5    android:versionName="1.0" >
6
7    <uses-sdk
8        android:minSdkVersion="19"
8-->src\main\AndroidManifest.xml
9        android:targetSdkVersion="29" />
9-->src\main\AndroidManifest.xml
10    <!-- To access Google+ APIs: -->
11    <uses-permission android:name="android.permission.INTERNET" />
11-->src\main\AndroidManifest.xml:5:5-67
11-->src\main\AndroidManifest.xml:5:22-64
12    <uses-permission android:name="android.permission.CAMERA" />
12-->src\main\AndroidManifest.xml:6:5-65
12-->src\main\AndroidManifest.xml:6:22-62
13    <uses-permission
13-->src\main\AndroidManifest.xml:7:5-9:38
14        android:name="android.permission.WRITE_EXTERNAL_STORAGE"
14-->src\main\AndroidManifest.xml:8:9-65
15        android:maxSdkVersion="28" />
15-->src\main\AndroidManifest.xml:9:9-35
16    <uses-permission
16-->src\main\AndroidManifest.xml:10:5-12:38
17        android:name="android.permission.READ_EXTERNAL_STORAGE"
17-->src\main\AndroidManifest.xml:11:9-64
18        android:maxSdkVersion="28" />
18-->src\main\AndroidManifest.xml:12:9-35
19
20    <application
20-->src\main\AndroidManifest.xml:14:5-45:19
21        android:allowBackup="true"
21-->src\main\AndroidManifest.xml:15:9-35
22        android:appComponentFactory="androidx.core.app.CoreComponentFactory"
22-->[androidx.core:core:1.1.0] AndroidManifest.xml:24:18-86
23        android:debuggable="true"
24        android:icon="@mipmap/ic_launcher"
24-->src\main\AndroidManifest.xml:16:9-43
25        android:label="@string/app_name"
25-->src\main\AndroidManifest.xml:17:9-41
26        android:roundIcon="@mipmap/ic_launcher_round"
26-->src\main\AndroidManifest.xml:18:9-54
27        android:supportsRtl="true"
27-->src\main\AndroidManifest.xml:19:9-35
28        android:testOnly="true"
29        android:theme="@style/AppTheme" >
29-->src\main\AndroidManifest.xml:20:9-40
30        <activity android:name="br.ufrpe.tocomfome.usuario.gui.CadastrarComida" />
30-->src\main\AndroidManifest.xml:21:9-92
30-->src\main\AndroidManifest.xml:21:19-80
31        <activity android:name="br.ufrpe.tocomfome.usuario.gui.MainActivity" />
31-->src\main\AndroidManifest.xml:22:9-80
31-->src\main\AndroidManifest.xml:22:19-77
32        <activity android:name="br.ufrpe.tocomfome.usuario.gui.HomeUsuario" />
32-->src\main\AndroidManifest.xml:23:9-79
32-->src\main\AndroidManifest.xml:23:19-76
33        <activity android:name="br.ufrpe.tocomfome.usuario.gui.CadastroUsuario" />
33-->src\main\AndroidManifest.xml:24:9-83
33-->src\main\AndroidManifest.xml:24:19-80
34        <activity android:name="br.ufrpe.tocomfome.usuario.gui.RecyclerViewUsuario" />
34-->src\main\AndroidManifest.xml:25:9-87
34-->src\main\AndroidManifest.xml:25:19-84
35        <activity
35-->src\main\AndroidManifest.xml:26:9-34:20
36            android:name="br.ufrpe.tocomfome.infra.gui.SplashScreen"
36-->src\main\AndroidManifest.xml:27:13-69
37            android:theme="@style/Theme.AppCompat.Light.NoActionBar" >
37-->src\main\AndroidManifest.xml:28:13-69
38            <intent-filter>
38-->src\main\AndroidManifest.xml:29:13-33:29
39                <action android:name="android.intent.action.MAIN" />
39-->src\main\AndroidManifest.xml:30:17-69
39-->src\main\AndroidManifest.xml:30:25-66
40
41                <category android:name="android.intent.category.LAUNCHER" />
41-->src\main\AndroidManifest.xml:32:17-77
41-->src\main\AndroidManifest.xml:32:27-74
42            </intent-filter>
43        </activity>
44
45        <provider
45-->src\main\AndroidManifest.xml:36:9-44:20
46            android:name="androidx.core.content.FileProvider"
46-->src\main\AndroidManifest.xml:37:13-62
47            android:authorities="br.ufrpe.tocomfome.provider"
47-->src\main\AndroidManifest.xml:38:13-62
48            android:exported="false"
48-->src\main\AndroidManifest.xml:39:13-37
49            android:grantUriPermissions="true" >
49-->src\main\AndroidManifest.xml:40:13-47
50            <meta-data
50-->src\main\AndroidManifest.xml:41:13-43:62
51                android:name="android.support.FILE_PROVIDER_PATHS"
51-->src\main\AndroidManifest.xml:42:17-67
52                android:resource="@xml/provider_paths_app" />
52-->src\main\AndroidManifest.xml:43:17-59
53        </provider>
54
55        <activity
55-->[com.google.android.gms:play-services-base:17.0.0] AndroidManifest.xml:23:9-26:75
56            android:name="com.google.android.gms.common.api.GoogleApiActivity"
56-->[com.google.android.gms:play-services-base:17.0.0] AndroidManifest.xml:24:13-79
57            android:exported="false"
57-->[com.google.android.gms:play-services-base:17.0.0] AndroidManifest.xml:25:13-37
58            android:theme="@android:style/Theme.Translucent.NoTitleBar" />
58-->[com.google.android.gms:play-services-base:17.0.0] AndroidManifest.xml:26:13-72
59
60        <meta-data
60-->[com.google.android.gms:play-services-basement:17.0.0] AndroidManifest.xml:23:9-25:69
61            android:name="com.google.android.gms.version"
61-->[com.google.android.gms:play-services-basement:17.0.0] AndroidManifest.xml:24:13-58
62            android:value="@integer/google_play_services_version" />
62-->[com.google.android.gms:play-services-basement:17.0.0] AndroidManifest.xml:25:13-66
63    </application>
64
65</manifest>